<?xml version="1.0" encoding="UTF-8"?>
<!-- Generated by org.testng.reporters.JUnitReportReporter -->
<testsuite hostname="LAPTOP-OCH8DF6O" failures="0" tests="1" name="com.qa.testscript.LoginTest" time="1.961" errors="0" timestamp="2025-09-13T19:06:17 IST" skipped="0">
  <testcase classname="com.qa.testscript.LoginTest" name="testValidLogin" time="1.961"/>
</testsuite> <!-- com.qa.testscript.LoginTest -->
